<?xml version="1.0" encoding="UTF-8"?>
<!-- Generated by org.testng.reporters.JUnitReportReporter -->
<testsuite hostname="Emmanuels-MacBook-Pro.local" failures="0" tests="3" name="MannyCoTest.Tests.SubmitOrderTests" time="27.654" errors="0" timestamp="2024-10-16T00:30:14 EDT" skipped="0">
  <testcase classname="MannyCoTest.Tests.SubmitOrderTests" name="submitOrder" time="10.622"/>
  <testcase classname="MannyCoTest.Tests.SubmitOrderTests" name="submitOrder" time="10.117"/>
  <testcase classname="MannyCoTest.Tests.SubmitOrderTests" name="OrderHistoryValidation" time="6.915"/>
</testsuite> <!-- MannyCoTest.Tests.SubmitOrderTests -->
