<?xml version="1.0" encoding="UTF-8"?>
<!-- Generated by org.testng.reporters.JUnitReportReporter -->
<testsuite hostname="Emmanuels-MacBook-Pro.local" failures="0" tests="1" name="MannyCoTest.Tests.frameWorktest" time="11.242" errors="0" timestamp="2024-10-09T22:05:44 EDT" skipped="0">
  <testcase classname="MannyCoTest.Tests.frameWorktest" name="submitOrder" time="11.242"/>
</testsuite> <!-- MannyCoTest.Tests.frameWorktest -->
