<?xml version="1.0" encoding="UTF-8"?>
<!-- Generated by org.testng.reporters.JUnitReportReporter -->
<testsuite hostname="Emmanuels-MacBook-Pro.local" failures="0" tests="1" name="MannyCoTests.cucumberTests.TestNGTestRunner" time="7.180" errors="0" timestamp="2024-10-16T00:24:06 EDT" skipped="0">
  <testcase classname="MannyCoTests.cucumberTests.TestNGTestRunner" name="runScenario" time="7.180"/>
</testsuite> <!-- MannyCoTests.cucumberTests.TestNGTestRunner -->
