<?xml version="1.0" encoding="UTF-8"?>
<!-- Generated by org.testng.reporters.JUnitReportReporter -->
<testsuite hostname="Emmanuels-MacBook-Pro.local" failures="0" tests="2" name="MannyCoTest.Tests.ErrorTest" time="16.134" errors="0" timestamp="2024-10-16T00:30:14 EDT" skipped="0">
  <testcase classname="MannyCoTest.Tests.ErrorTest" name="lognErrorValid" time="6.741"/>
  <testcase classname="MannyCoTest.Tests.ErrorTest" name="productErrorValid" time="9.393"/>
</testsuite> <!-- MannyCoTest.Tests.ErrorTest -->
