<?xml version="1.0" encoding="UTF-8"?>
<!-- Generated by org.testng.reporters.JUnitReportReporter -->
<testsuite hostname="Emmanuels-MacBook-Pro.local" failures="0" tests="2" name="MannyCoTest.Tests.SubmitOrderTests" time="25.096" errors="0" timestamp="2024-10-17T17:34:43 EDT" skipped="0">
  <testcase classname="MannyCoTest.Tests.SubmitOrderTests" name="submitOrder" time="14.325"/>
  <testcase classname="MannyCoTest.Tests.SubmitOrderTests" name="submitOrder" time="10.771"/>
</testsuite> <!-- MannyCoTest.Tests.SubmitOrderTests -->
